\BOOKMARK [1][-]{section.1}{Introduction}{}% 1
\BOOKMARK [2][-]{subsection.1.1}{Objectives}{section.1}% 2
\BOOKMARK [1][-]{section.2}{Literature Review}{}% 3
\BOOKMARK [2][-]{subsection.2.1}{Introduction}{section.2}% 4
\BOOKMARK [2][-]{subsection.2.2}{Particle Curtains}{section.2}% 5
\BOOKMARK [3][-]{subsubsection.2.2.1}{Computational Modelling}{subsection.2.2}% 6
\BOOKMARK [3][-]{subsubsection.2.2.2}{Experimental Investigations}{subsection.2.2}% 7
\BOOKMARK [2][-]{subsection.2.3}{Kinematic Properties}{section.2}% 8
\BOOKMARK [3][-]{subsubsection.2.3.1}{Drag}{subsection.2.3}% 9
\BOOKMARK [3][-]{subsubsection.2.3.2}{Two Phase entanglement}{subsection.2.3}% 10
\BOOKMARK [2][-]{subsection.2.4}{Thermodynamic Principles}{section.2}% 11
\BOOKMARK [3][-]{subsubsection.2.4.1}{Conduction \046 Convection}{subsection.2.4}% 12
\BOOKMARK [3][-]{subsubsection.2.4.2}{Radiation}{subsection.2.4}% 13
\BOOKMARK [2][-]{subsection.2.5}{Infra-red Thermography \046 IR Theory}{section.2}% 14
\BOOKMARK [3][-]{subsubsection.2.5.1}{Emissivity }{subsection.2.5}% 15
\BOOKMARK [3][-]{subsubsection.2.5.2}{Blackbody Radiators and IR Spectrum}{subsection.2.5}% 16
\BOOKMARK [3][-]{subsubsection.2.5.3}{IR Camera Properties}{subsection.2.5}% 17
\BOOKMARK [3][-]{subsubsection.2.5.4}{Temperature to Pixel Value}{subsection.2.5}% 18
\BOOKMARK [2][-]{subsection.2.6}{Image Analysis/Processing}{section.2}% 19
\BOOKMARK [3][-]{subsubsection.2.6.1}{Colour Vs. Gray Scale}{subsection.2.6}% 20
\BOOKMARK [3][-]{subsubsection.2.6.2}{Thresh-holding}{subsection.2.6}% 21
\BOOKMARK [3][-]{subsubsection.2.6.3}{Blurring}{subsection.2.6}% 22
\BOOKMARK [3][-]{subsubsection.2.6.4}{Edges}{subsection.2.6}% 23
\BOOKMARK [3][-]{subsubsection.2.6.5}{Issues}{subsection.2.6}% 24
\BOOKMARK [2][-]{subsection.2.7}{Camera Modelling \046 Scene Reconstruction}{section.2}% 25
\BOOKMARK [3][-]{subsubsection.2.7.1}{Camera Model}{subsection.2.7}% 26
\BOOKMARK [3][-]{subsubsection.2.7.2}{Key Points}{subsection.2.7}% 27
\BOOKMARK [3][-]{subsubsection.2.7.3}{Image manipulations}{subsection.2.7}% 28
\BOOKMARK [3][-]{subsubsection.2.7.4}{3D reconstruction}{subsection.2.7}% 29
\BOOKMARK [2][-]{subsection.2.8}{Conclusions}{section.2}% 30
\BOOKMARK [1][-]{section.3}{Methodology}{}% 31
\BOOKMARK [1][-]{section.3}{References}{}% 32
